[2018-03-28 09:41:23] local.ERROR: exception 'Symfony\Component\Debug\Exception\FatalErrorException' with message 'syntax error, unexpected end of file' in D:\phpstudy\WWW\www.13.com\laravel\routes\web.php:21
Stack trace:
#0 {main}  
[2018-03-28 09:49:03] local.ERROR: exception 'Symfony\Component\Debug\Exception\FatalErrorException' with message 'syntax error, unexpected '/', expecting :: (T_PAAMAYIM_NEKUDOTAYIM)' in D:\phpstudy\WWW\www.13.com\laravel\storage\framework\views\9449aaa68a623204085c8ca6d833e739d38b295a.php:10
Stack trace:
#0 {main}  
[2018-03-28 09:49:19] local.ERROR: exception 'Symfony\Component\Debug\Exception\FatalErrorException' with message 'syntax error, unexpected '/'' in D:\phpstudy\WWW\www.13.com\laravel\storage\framework\views\9449aaa68a623204085c8ca6d833e739d38b295a.php:10
Stack trace:
#0 {main}  
[2018-03-28 09:49:35] local.ERROR: exception 'Symfony\Component\Debug\Exception\FatalErrorException' with message 'syntax error, unexpected '/', expecting :: (T_PAAMAYIM_NEKUDOTAYIM)' in D:\phpstudy\WWW\www.13.com\laravel\storage\framework\views\9449aaa68a623204085c8ca6d833e739d38b295a.php:10
Stack trace:
#0 {main}  
[2018-03-28 09:49:55] local.ERROR: exception 'Symfony\Component\Debug\Exception\FatalErrorException' with message 'syntax error, unexpected '/', expecting :: (T_PAAMAYIM_NEKUDOTAYIM)' in D:\phpstudy\WWW\www.13.com\laravel\storage\framework\views\9449aaa68a623204085c8ca6d833e739d38b295a.php:10
Stack trace:
#0 {main}  
[2018-03-29 09:46:02] local.ERROR: exception 'Symfony\Component\Debug\Exception\FatalErrorException' with message 'syntax error, unexpected 'use' (T_USE)' in D:\phpstudy\WWW\www.13.com\laravel\app\Http\Controllers\ContactController.php:24
Stack trace:
#0 {main}  
[2018-03-29 09:49:20] local.ERROR: exception 'ReflectionException' with message 'Method App\Http\Controllers\Controller::sendContactInfo() does not exist' in D:\phpstudy\WWW\www.13.com\laravel\vendor\laravel\framework\src\Illuminate\Routing\Route.php:333
Stack trace:
#0 D:\phpstudy\WWW\www.13.com\laravel\vendor\laravel\framework\src\Illuminate\Routing\Route.php(333): ReflectionMethod->__construct('App\\Http\\Contro...', 'sendContactInfo')
#1 D:\phpstudy\WWW\www.13.com\laravel\vendor\laravel\framework\src\Illuminate\Routing\Router.php(806): Illuminate\Routing\Route->signatureParameters('Illuminate\\Data...')
#2 D:\phpstudy\WWW\www.13.com\laravel\vendor\laravel\framework\src\Illuminate\Routing\Middleware\SubstituteBindings.php(39): Illuminate\Routing\Router->substituteImplicitBindings(Object(Illuminate\Routing\Route))
#3 D:\phpstudy\WWW\www.13.com\laravel\vendor\laravel\framework\src\Illuminate\Pipeline\Pipeline.php(137): Illuminate\Routing\Middleware\SubstituteBindings->handle(Object(Illuminate\Http\Request), Object(Closure))
#4 D:\phpstudy\WWW\www.13.com\laravel\vendor\laravel\framework\src\Illuminate\Routing\Pipeline.php(33): Illuminate\Pipeline\Pipeline->Illuminate\Pipeline\{closure}(Object(Illuminate\Http\Request))
#5 D:\phpstudy\WWW\www.13.com\laravel\vendor\laravel\framework\src\Illuminate\Foundation\Http\Middleware\VerifyCsrfToken.php(64): Illuminate\Routing\Pipeline->Illuminate\Routing\{closure}(Object(Illuminate\Http\Request))
#6 D:\phpstudy\WWW\www.13.com\laravel\vendor\laravel\framework\src\Illuminate\Pipeline\Pipeline.php(137): Illuminate\Foundation\Http\Middleware\VerifyCsrfToken->handle(Object(Illuminate\Http\Request), Object(Closure))
#7 D:\phpstudy\WWW\www.13.com\laravel\vendor\laravel\framework\src\Illuminate\Routing\Pipeline.php(33): Illuminate\Pipeline\Pipeline->Illuminate\Pipeline\{closure}(Object(Illuminate\Http\Request))
#8 D:\phpstudy\WWW\www.13.com\laravel\vendor\laravel\framework\src\Illuminate\View\Middleware\ShareErrorsFromSession.php(49): Illuminate\Routing\Pipeline->Illuminate\Routing\{closure}(Object(Illuminate\Http\Request))
#9 D:\phpstudy\WWW\www.13.com\laravel\vendor\laravel\framework\src\Illuminate\Pipeline\Pipeline.php(137): Illuminate\View\Middleware\ShareErrorsFromSession->handle(Object(Illuminate\Http\Request), Object(Closure))
#10 D:\phpstudy\WWW\www.13.com\laravel\vendor\laravel\framework\src\Illuminate\Routing\Pipeline.php(33): Illuminate\Pipeline\Pipeline->Illuminate\Pipeline\{closure}(Object(Illuminate\Http\Request))
#11 D:\phpstudy\WWW\www.13.com\laravel\vendor\laravel\framework\src\Illuminate\Session\Middleware\StartSession.php(64): Illuminate\Routing\Pipeline->Illuminate\Routing\{closure}(Object(Illuminate\Http\Request))
#12 D:\phpstudy\WWW\www.13.com\laravel\vendor\laravel\framework\src\Illuminate\Pipeline\Pipeline.php(137): Illuminate\Session\Middleware\StartSession->handle(Object(Illuminate\Http\Request), Object(Closure))
#13 D:\phpstudy\WWW\www.13.com\laravel\vendor\laravel\framework\src\Illuminate\Routing\Pipeline.php(33): Illuminate\Pipeline\Pipeline->Illuminate\Pipeline\{closure}(Object(Illuminate\Http\Request))
#14 D:\phpstudy\WWW\www.13.com\laravel\vendor\laravel\framework\src\Illuminate\Cookie\Middleware\AddQueuedCookiesToResponse.php(37): Illuminate\Routing\Pipeline->Illuminate\Routing\{closure}(Object(Illuminate\Http\Request))
#15 D:\phpstudy\WWW\www.13.com\laravel\vendor\laravel\framework\src\Illuminate\Pipeline\Pipeline.php(137): Illuminate\Cookie\Middleware\AddQueuedCookiesToResponse->handle(Object(Illuminate\Http\Request), Object(Closure))
#16 D:\phpstudy\WWW\www.13.com\laravel\vendor\laravel\framework\src\Illuminate\Routing\Pipeline.php(33): Illuminate\Pipeline\Pipeline->Illuminate\Pipeline\{closure}(Object(Illuminate\Http\Request))
#17 D:\phpstudy\WWW\www.13.com\laravel\vendor\laravel\framework\src\Illuminate\Cookie\Middleware\EncryptCookies.php(59): Illuminate\Routing\Pipeline->Illuminate\Routing\{closure}(Object(Illuminate\Http\Request))
#18 D:\phpstudy\WWW\www.13.com\laravel\vendor\laravel\framework\src\Illuminate\Pipeline\Pipeline.php(137): Illuminate\Cookie\Middleware\EncryptCookies->handle(Object(Illuminate\Http\Request), Object(Closure))
#19 D:\phpstudy\WWW\www.13.com\laravel\vendor\laravel\framework\src\Illuminate\Routing\Pipeline.php(33): Illuminate\Pipeline\Pipeline->Illuminate\Pipeline\{closure}(Object(Illuminate\Http\Request))
#20 D:\phpstudy\WWW\www.13.com\laravel\vendor\laravel\framework\src\Illuminate\Pipeline\Pipeline.php(104): Illuminate\Routing\Pipeline->Illuminate\Routing\{closure}(Object(Illuminate\Http\Request))
#21 D:\phpstudy\WWW\www.13.com\laravel\vendor\laravel\framework\src\Illuminate\Routing\Router.php(644): Illuminate\Pipeline\Pipeline->then(Object(Closure))
#22 D:\phpstudy\WWW\www.13.com\laravel\vendor\laravel\framework\src\Illuminate\Routing\Router.php(618): Illuminate\Routing\Router->runRouteWithinStack(Object(Illuminate\Routing\Route), Object(Illuminate\Http\Request))
#23 D:\phpstudy\WWW\www.13.com\laravel\vendor\laravel\framework\src\Illuminate\Routing\Router.php(596): Illuminate\Routing\Router->dispatchToRoute(Object(Illuminate\Http\Request))
#24 D:\phpstudy\WWW\www.13.com\laravel\vendor\laravel\framework\src\Illuminate\Foundation\Http\Kernel.php(263): Illuminate\Routing\Router->dispatch(Object(Illuminate\Http\Request))
#25 D:\phpstudy\WWW\www.13.com\laravel\vendor\laravel\framework\src\Illuminate\Routing\Pipeline.php(53): Illuminate\Foundation\Http\Kernel->Illuminate\Foundation\Http\{closure}(Object(Illuminate\Http\Request))
#26 D:\phpstudy\WWW\www.13.com\laravel\vendor\laravel\framework\src\Illuminate\Foundation\Http\Middleware\CheckForMaintenanceMode.php(46): Illuminate\Routing\Pipeline->Illuminate\Routing\{closure}(Object(Illuminate\Http\Request))
#27 D:\phpstudy\WWW\www.13.com\laravel\vendor\laravel\framework\src\Illuminate\Pipeline\Pipeline.php(137): Illuminate\Foundation\Http\Middleware\CheckForMaintenanceMode->handle(Object(Illuminate\Http\Request), Object(Closure))
#28 D:\phpstudy\WWW\www.13.com\laravel\vendor\laravel\framework\src\Illuminate\Routing\Pipeline.php(33): Illuminate\Pipeline\Pipeline->Illuminate\Pipeline\{closure}(Object(Illuminate\Http\Request))
#29 D:\phpstudy\WWW\www.13.com\laravel\vendor\laravel\framework\src\Illuminate\Pipeline\Pipeline.php(104): Illuminate\Routing\Pipeline->Illuminate\Routing\{closure}(Object(Illuminate\Http\Request))
#30 D:\phpstudy\WWW\www.13.com\laravel\vendor\laravel\framework\src\Illuminate\Foundation\Http\Kernel.php(149): Illuminate\Pipeline\Pipeline->then(Object(Closure))
#31 D:\phpstudy\WWW\www.13.com\laravel\vendor\laravel\framework\src\Illuminate\Foundation\Http\Kernel.php(116): Illuminate\Foundation\Http\Kernel->sendRequestThroughRouter(Object(Illuminate\Http\Request))
#32 D:\phpstudy\WWW\www.13.com\laravel\public\index.php(54): Illuminate\Foundation\Http\Kernel->handle(Object(Illuminate\Http\Request))
#33 {main}  
[2018-03-29 09:53:52] local.ERROR: exception 'Symfony\Component\Debug\Exception\FatalErrorException' with message 'Class 'App\Http\Requests\Request' not found' in D:\phpstudy\WWW\www.13.com\laravel\app\Http\Requests\ContactRequest.php:9
Stack trace:
#0 {main}  
[2018-03-29 09:55:00] local.ERROR: exception 'Symfony\Component\Debug\Exception\FatalErrorException' with message 'Class 'App\Http\Requests\Request' not found' in D:\phpstudy\WWW\www.13.com\laravel\app\Http\Requests\ContactRequest.php:9
Stack trace:
#0 {main}  
[2018-03-29 09:55:02] local.ERROR: exception 'Symfony\Component\Debug\Exception\FatalErrorException' with message 'Class 'App\Http\Requests\Request' not found' in D:\phpstudy\WWW\www.13.com\laravel\app\Http\Requests\ContactRequest.php:9
Stack trace:
#0 {main}  
[2018-03-29 09:58:27] local.ERROR: exception 'ErrorException' with message 'Undefined index: name' in D:\phpstudy\WWW\www.13.com\laravel\app\Http\Controllers\ContactController.php:27
Stack trace:
#0 D:\phpstudy\WWW\www.13.com\laravel\app\Http\Controllers\ContactController.php(27): Illuminate\Foundation\Bootstrap\HandleExceptions->handleError(8, 'Undefined index...', 'D:\\phpstudy\\WWW...', 27, Array)
#1 [internal function]: App\Http\Controllers\ContactController->App\Http\Controllers\{closure}(Object(Illuminate\Mail\Message))
#2 D:\phpstudy\WWW\www.13.com\laravel\vendor\laravel\framework\src\Illuminate\Mail\Mailer.php(392): call_user_func(Object(Closure), Object(Illuminate\Mail\Message))
#3 D:\phpstudy\WWW\www.13.com\laravel\vendor\laravel\framework\src\Illuminate\Mail\Mailer.php(188): Illuminate\Mail\Mailer->callMessageBuilder(Object(Closure), Object(Illuminate\Mail\Message))
#4 D:\phpstudy\WWW\www.13.com\laravel\vendor\laravel\framework\src\Illuminate\Support\Facades\Facade.php(238): Illuminate\Mail\Mailer->send('emails.contact', Array, Object(Closure))
#5 D:\phpstudy\WWW\www.13.com\laravel\app\Http\Controllers\ContactController.php(28): Illuminate\Support\Facades\Facade::__callStatic('send', Array)
#6 D:\phpstudy\WWW\www.13.com\laravel\app\Http\Controllers\ContactController.php(28): Illuminate\Support\Facades\Mail::send('emails.contact', Array, Object(Closure))
#7 [internal function]: App\Http\Controllers\ContactController->sendContactInfo(Object(App\Http\Requests\ContactRequest))
#8 D:\phpstudy\WWW\www.13.com\laravel\vendor\laravel\framework\src\Illuminate\Routing\Controller.php(52): call_user_func_array(Array, Array)
#9 D:\phpstudy\WWW\www.13.com\laravel\vendor\laravel\framework\src\Illuminate\Routing\ControllerDispatcher.php(44): Illuminate\Routing\Controller->callAction('sendContactInfo', Array)
#10 D:\phpstudy\WWW\www.13.com\laravel\vendor\laravel\framework\src\Illuminate\Routing\Route.php(190): Illuminate\Routing\ControllerDispatcher->dispatch(Object(Illuminate\Routing\Route), Object(App\Http\Controllers\ContactController), 'sendContactInfo')
#11 D:\phpstudy\WWW\www.13.com\laravel\vendor\laravel\framework\src\Illuminate\Routing\Route.php(144): Illuminate\Routing\Route->runController()
#12 D:\phpstudy\WWW\www.13.com\laravel\vendor\laravel\framework\src\Illuminate\Routing\Router.php(642): Illuminate\Routing\Route->run(Object(Illuminate\Http\Request))
#13 D:\phpstudy\WWW\www.13.com\laravel\vendor\laravel\framework\src\Illuminate\Routing\Pipeline.php(53): Illuminate\Routing\Router->Illuminate\Routing\{closure}(Object(Illuminate\Http\Request))
#14 D:\phpstudy\WWW\www.13.com\laravel\vendor\laravel\framework\src\Illuminate\Routing\Middleware\SubstituteBindings.php(41): Illuminate\Routing\Pipeline->Illuminate\Routing\{closure}(Object(Illuminate\Http\Request))
#15 D:\phpstudy\WWW\www.13.com\laravel\vendor\laravel\framework\src\Illuminate\Pipeline\Pipeline.php(137): Illuminate\Routing\Middleware\SubstituteBindings->handle(Object(Illuminate\Http\Request), Object(Closure))
#16 D:\phpstudy\WWW\www.13.com\laravel\vendor\laravel\framework\src\Illuminate\Routing\Pipeline.php(33): Illuminate\Pipeline\Pipeline->Illuminate\Pipeline\{closure}(Object(Illuminate\Http\Request))
#17 D:\phpstudy\WWW\www.13.com\laravel\vendor\laravel\framework\src\Illuminate\Foundation\Http\Middleware\VerifyCsrfToken.php(64): Illuminate\Routing\Pipeline->Illuminate\Routing\{closure}(Object(Illuminate\Http\Request))
#18 D:\phpstudy\WWW\www.13.com\laravel\vendor\laravel\framework\src\Illuminate\Pipeline\Pipeline.php(137): Illuminate\Foundation\Http\Middleware\VerifyCsrfToken->handle(Object(Illuminate\Http\Request), Object(Closure))
#19 D:\phpstudy\WWW\www.13.com\laravel\vendor\laravel\framework\src\Illuminate\Routing\Pipeline.php(33): Illuminate\Pipeline\Pipeline->Illuminate\Pipeline\{closure}(Object(Illuminate\Http\Request))
#20 D:\phpstudy\WWW\www.13.com\laravel\vendor\laravel\framework\src\Illuminate\View\Middleware\ShareErrorsFromSession.php(49): Illuminate\Routing\Pipeline->Illuminate\Routing\{closure}(Object(Illuminate\Http\Request))
#21 D:\phpstudy\WWW\www.13.com\laravel\vendor\laravel\framework\src\Illuminate\Pipeline\Pipeline.php(137): Illuminate\View\Middleware\ShareErrorsFromSession->handle(Object(Illuminate\Http\Request), Object(Closure))
#22 D:\phpstudy\WWW\www.13.com\laravel\vendor\laravel\framework\src\Illuminate\Routing\Pipeline.php(33): Illuminate\Pipeline\Pipeline->Illuminate\Pipeline\{closure}(Object(Illuminate\Http\Request))
#23 D:\phpstudy\WWW\www.13.com\laravel\vendor\laravel\framework\src\Illuminate\Session\Middleware\StartSession.php(64): Illuminate\Routing\Pipeline->Illuminate\Routing\{closure}(Object(Illuminate\Http\Request))
#24 D:\phpstudy\WWW\www.13.com\laravel\vendor\laravel\framework\src\Illuminate\Pipeline\Pipeline.php(137): Illuminate\Session\Middleware\StartSession->handle(Object(Illuminate\Http\Request), Object(Closure))
#25 D:\phpstudy\WWW\www.13.com\laravel\vendor\laravel\framework\src\Illuminate\Routing\Pipeline.php(33): Illuminate\Pipeline\Pipeline->Illuminate\Pipeline\{closure}(Object(Illuminate\Http\Request))
#26 D:\phpstudy\WWW\www.13.com\laravel\vendor\laravel\framework\src\Illuminate\Cookie\Middleware\AddQueuedCookiesToResponse.php(37): Illuminate\Routing\Pipeline->Illuminate\Routing\{closure}(Object(Illuminate\Http\Request))
#27 D:\phpstudy\WWW\www.13.com\laravel\vendor\laravel\framework\src\Illuminate\Pipeline\Pipeline.php(137): Illuminate\Cookie\Middleware\AddQueuedCookiesToResponse->handle(Object(Illuminate\Http\Request), Object(Closure))
#28 D:\phpstudy\WWW\www.13.com\laravel\vendor\laravel\framework\src\Illuminate\Routing\Pipeline.php(33): Illuminate\Pipeline\Pipeline->Illuminate\Pipeline\{closure}(Object(Illuminate\Http\Request))
#29 D:\phpstudy\WWW\www.13.com\laravel\vendor\laravel\framework\src\Illuminate\Cookie\Middleware\EncryptCookies.php(59): Illuminate\Routing\Pipeline->Illuminate\Routing\{closure}(Object(Illuminate\Http\Request))
#30 D:\phpstudy\WWW\www.13.com\laravel\vendor\laravel\framework\src\Illuminate\Pipeline\Pipeline.php(137): Illuminate\Cookie\Middleware\EncryptCookies->handle(Object(Illuminate\Http\Request), Object(Closure))
#31 D:\phpstudy\WWW\www.13.com\laravel\vendor\laravel\framework\src\Illuminate\Routing\Pipeline.php(33): Illuminate\Pipeline\Pipeline->Illuminate\Pipeline\{closure}(Object(Illuminate\Http\Request))
#32 D:\phpstudy\WWW\www.13.com\laravel\vendor\laravel\framework\src\Illuminate\Pipeline\Pipeline.php(104): Illuminate\Routing\Pipeline->Illuminate\Routing\{closure}(Object(Illuminate\Http\Request))
#33 D:\phpstudy\WWW\www.13.com\laravel\vendor\laravel\framework\src\Illuminate\Routing\Router.php(644): Illuminate\Pipeline\Pipeline->then(Object(Closure))
#34 D:\phpstudy\WWW\www.13.com\laravel\vendor\laravel\framework\src\Illuminate\Routing\Router.php(618): Illuminate\Routing\Router->runRouteWithinStack(Object(Illuminate\Routing\Route), Object(Illuminate\Http\Request))
#35 D:\phpstudy\WWW\www.13.com\laravel\vendor\laravel\framework\src\Illuminate\Routing\Router.php(596): Illuminate\Routing\Router->dispatchToRoute(Object(Illuminate\Http\Request))
#36 D:\phpstudy\WWW\www.13.com\laravel\vendor\laravel\framework\src\Illuminate\Foundation\Http\Kernel.php(263): Illuminate\Routing\Router->dispatch(Object(Illuminate\Http\Request))
#37 D:\phpstudy\WWW\www.13.com\laravel\vendor\laravel\framework\src\Illuminate\Routing\Pipeline.php(53): Illuminate\Foundation\Http\Kernel->Illuminate\Foundation\Http\{closure}(Object(Illuminate\Http\Request))
#38 D:\phpstudy\WWW\www.13.com\laravel\vendor\laravel\framework\src\Illuminate\Foundation\Http\Middleware\CheckForMaintenanceMode.php(46): Illuminate\Routing\Pipeline->Illuminate\Routing\{closure}(Object(Illuminate\Http\Request))
#39 D:\phpstudy\WWW\www.13.com\laravel\vendor\laravel\framework\src\Illuminate\Pipeline\Pipeline.php(137): Illuminate\Foundation\Http\Middleware\CheckForMaintenanceMode->handle(Object(Illuminate\Http\Request), Object(Closure))
#40 D:\phpstudy\WWW\www.13.com\laravel\vendor\laravel\framework\src\Illuminate\Routing\Pipeline.php(33): Illuminate\Pipeline\Pipeline->Illuminate\Pipeline\{closure}(Object(Illuminate\Http\Request))
#41 D:\phpstudy\WWW\www.13.com\laravel\vendor\laravel\framework\src\Illuminate\Pipeline\Pipeline.php(104): Illuminate\Routing\Pipeline->Illuminate\Routing\{closure}(Object(Illuminate\Http\Request))
#42 D:\phpstudy\WWW\www.13.com\laravel\vendor\laravel\framework\src\Illuminate\Foundation\Http\Kernel.php(149): Illuminate\Pipeline\Pipeline->then(Object(Closure))
#43 D:\phpstudy\WWW\www.13.com\laravel\vendor\laravel\framework\src\Illuminate\Foundation\Http\Kernel.php(116): Illuminate\Foundation\Http\Kernel->sendRequestThroughRouter(Object(Illuminate\Http\Request))
#44 D:\phpstudy\WWW\www.13.com\laravel\public\index.php(54): Illuminate\Foundation\Http\Kernel->handle(Object(Illuminate\Http\Request))
#45 {main}  
[2018-03-29 10:23:54] local.ERROR: exception 'PDOException' with message 'SQLSTATE[HY000] [1045] Access denied for user 'homestead'@'localhost' (using password: YES)' in D:\phpstudy\WWW\www.13.com\laravel\vendor\laravel\framework\src\Illuminate\Database\Connectors\Connector.php:119
Stack trace:
#0 D:\phpstudy\WWW\www.13.com\laravel\vendor\laravel\framework\src\Illuminate\Database\Connectors\Connector.php(119): PDO->__construct('mysql:host=127....', 'homestead', 'secret', Array)
#1 D:\phpstudy\WWW\www.13.com\laravel\vendor\laravel\framework\src\Illuminate\Database\Connectors\Connector.php(56): Illuminate\Database\Connectors\Connector->createPdoConnection('mysql:host=127....', 'homestead', 'secret', Array)
#2 D:\phpstudy\WWW\www.13.com\laravel\vendor\laravel\framework\src\Illuminate\Database\Connectors\MySqlConnector.php(24): Illuminate\Database\Connectors\Connector->createConnection('mysql:host=127....', Array, Array)
#3 D:\phpstudy\WWW\www.13.com\laravel\vendor\laravel\framework\src\Illuminate\Database\Connectors\ConnectionFactory.php(61): Illuminate\Database\Connectors\MySqlConnector->connect(Array)
#4 [internal function]: Illuminate\Database\Connectors\ConnectionFactory->Illuminate\Database\Connectors\{closure}()
#5 D:\phpstudy\WWW\www.13.com\laravel\vendor\laravel\framework\src\Illuminate\Database\Connection.php(956): call_user_func(Object(Closure))
#6 D:\phpstudy\WWW\www.13.com\laravel\vendor\laravel\framework\src\Illuminate\Database\Connection.php(824): Illuminate\Database\Connection->getPdo()
#7 D:\phpstudy\WWW\www.13.com\laravel\vendor\laravel\framework\src\Illuminate\Database\Connection.php(709): Illuminate\Database\Connection->reconnectIfMissingConnection()
#8 D:\phpstudy\WWW\www.13.com\laravel\vendor\laravel\framework\src\Illuminate\Database\Connection.php(351): Illuminate\Database\Connection->run('select * from i...', Array, Object(Closure))
#9 D:\phpstudy\WWW\www.13.com\laravel\vendor\laravel\framework\src\Illuminate\Database\Schema\MySqlBuilder.php(21): Illuminate\Database\Connection->select('select * from i...', Array)
#10 D:\phpstudy\WWW\www.13.com\laravel\vendor\laravel\framework\src\Illuminate\Database\Migrations\DatabaseMigrationRepository.php(154): Illuminate\Database\Schema\MySqlBuilder->hasTable('migrations')
#11 D:\phpstudy\WWW\www.13.com\laravel\vendor\laravel\framework\src\Illuminate\Database\Migrations\Migrator.php(472): Illuminate\Database\Migrations\DatabaseMigrationRepository->repositoryExists()
#12 D:\phpstudy\WWW\www.13.com\laravel\vendor\laravel\framework\src\Illuminate\Database\Console\Migrations\MigrateCommand.php(92): Illuminate\Database\Migrations\Migrator->repositoryExists()
#13 D:\phpstudy\WWW\www.13.com\laravel\vendor\laravel\framework\src\Illuminate\Database\Console\Migrations\MigrateCommand.php(58): Illuminate\Database\Console\Migrations\MigrateCommand->prepareDatabase()
#14 [internal function]: Illuminate\Database\Console\Migrations\MigrateCommand->fire()
#15 D:\phpstudy\WWW\www.13.com\laravel\vendor\laravel\framework\src\Illuminate\Container\Container.php(507): call_user_func_array(Array, Array)
#16 D:\phpstudy\WWW\www.13.com\laravel\vendor\laravel\framework\src\Illuminate\Console\Command.php(169): Illuminate\Container\Container->call(Array)
#17 D:\phpstudy\WWW\www.13.com\laravel\vendor\symfony\console\Command\Command.php(256): Illuminate\Console\Command->execute(Object(Symfony\Component\Console\Input\ArgvInput), Object(Symfony\Component\Console\Output\ConsoleOutput))
#18 D:\phpstudy\WWW\www.13.com\laravel\vendor\laravel\framework\src\Illuminate\Console\Command.php(155): Symfony\Component\Console\Command\Command->run(Object(Symfony\Component\Console\Input\ArgvInput), Object(Symfony\Component\Console\Output\ConsoleOutput))
#19 D:\phpstudy\WWW\www.13.com\laravel\vendor\symfony\console\Application.php(818): Illuminate\Console\Command->run(Object(Symfony\Component\Console\Input\ArgvInput), Object(Symfony\Component\Console\Output\ConsoleOutput))
#20 D:\phpstudy\WWW\www.13.com\laravel\vendor\symfony\console\Application.php(186): Symfony\Component\Console\Application->doRunCommand(Object(Illuminate\Database\Console\Migrations\MigrateCommand), Object(Symfony\Component\Console\Input\ArgvInput), Object(Symfony\Component\Console\Output\ConsoleOutput))
#21 D:\phpstudy\WWW\www.13.com\laravel\vendor\symfony\console\Application.php(117): Symfony\Component\Console\Application->doRun(Object(Symfony\Component\Console\Input\ArgvInput), Object(Symfony\Component\Console\Output\ConsoleOutput))
#22 D:\phpstudy\WWW\www.13.com\laravel\vendor\laravel\framework\src\Illuminate\Foundation\Console\Kernel.php(122): Symfony\Component\Console\Application->run(Object(Symfony\Component\Console\Input\ArgvInput), Object(Symfony\Component\Console\Output\ConsoleOutput))
#23 D:\phpstudy\WWW\www.13.com\laravel\artisan(36): Illuminate\Foundation\Console\Kernel->handle(Object(Symfony\Component\Console\Input\ArgvInput), Object(Symfony\Component\Console\Output\ConsoleOutput))
#24 {main}  
[2018-03-29 10:26:23] local.ERROR: exception 'InvalidArgumentException' with message 'A CreateJobsTable migration already exists.' in D:\phpstudy\WWW\www.13.com\laravel\vendor\laravel\framework\src\Illuminate\Database\Migrations\MigrationCreator.php:76
Stack trace:
#0 D:\phpstudy\WWW\www.13.com\laravel\vendor\laravel\framework\src\Illuminate\Database\Migrations\MigrationCreator.php(49): Illuminate\Database\Migrations\MigrationCreator->ensureMigrationDoesntAlreadyExist('create_jobs_tab...')
#1 D:\phpstudy\WWW\www.13.com\laravel\vendor\laravel\framework\src\Illuminate\Queue\Console\TableCommand.php(89): Illuminate\Database\Migrations\MigrationCreator->create('create_jobs_tab...', 'D:\\phpstudy\\WWW...')
#2 D:\phpstudy\WWW\www.13.com\laravel\vendor\laravel\framework\src\Illuminate\Queue\Console\TableCommand.php(64): Illuminate\Queue\Console\TableCommand->createBaseMigration('jobs')
#3 [internal function]: Illuminate\Queue\Console\TableCommand->fire()
#4 D:\phpstudy\WWW\www.13.com\laravel\vendor\laravel\framework\src\Illuminate\Container\Container.php(507): call_user_func_array(Array, Array)
#5 D:\phpstudy\WWW\www.13.com\laravel\vendor\laravel\framework\src\Illuminate\Console\Command.php(169): Illuminate\Container\Container->call(Array)
#6 D:\phpstudy\WWW\www.13.com\laravel\vendor\symfony\console\Command\Command.php(256): Illuminate\Console\Command->execute(Object(Symfony\Component\Console\Input\ArgvInput), Object(Symfony\Component\Console\Output\ConsoleOutput))
#7 D:\phpstudy\WWW\www.13.com\laravel\vendor\laravel\framework\src\Illuminate\Console\Command.php(155): Symfony\Component\Console\Command\Command->run(Object(Symfony\Component\Console\Input\ArgvInput), Object(Symfony\Component\Console\Output\ConsoleOutput))
#8 D:\phpstudy\WWW\www.13.com\laravel\vendor\symfony\console\Application.php(818): Illuminate\Console\Command->run(Object(Symfony\Component\Console\Input\ArgvInput), Object(Symfony\Component\Console\Output\ConsoleOutput))
#9 D:\phpstudy\WWW\www.13.com\laravel\vendor\symfony\console\Application.php(186): Symfony\Component\Console\Application->doRunCommand(Object(Illuminate\Queue\Console\TableCommand), Object(Symfony\Component\Console\Input\ArgvInput), Object(Symfony\Component\Console\Output\ConsoleOutput))
#10 D:\phpstudy\WWW\www.13.com\laravel\vendor\symfony\console\Application.php(117): Symfony\Component\Console\Application->doRun(Object(Symfony\Component\Console\Input\ArgvInput), Object(Symfony\Component\Console\Output\ConsoleOutput))
#11 D:\phpstudy\WWW\www.13.com\laravel\vendor\laravel\framework\src\Illuminate\Foundation\Console\Kernel.php(122): Symfony\Component\Console\Application->run(Object(Symfony\Component\Console\Input\ArgvInput), Object(Symfony\Component\Console\Output\ConsoleOutput))
#12 D:\phpstudy\WWW\www.13.com\laravel\artisan(36): Illuminate\Foundation\Console\Kernel->handle(Object(Symfony\Component\Console\Input\ArgvInput), Object(Symfony\Component\Console\Output\ConsoleOutput))
#13 {main}  
